<?xml version="1.0" encoding="UTF-8"?>
<testng-results skipped="0" failed="0" total="1" passed="1">
  <reporter-output>
  </reporter-output>
  <suite name="Default suite" duration-ms="2117" started-at="2019-02-11T15:37:46Z" finished-at="2019-02-11T15:37:48Z">
    <groups>
    </groups>
    <test name="Default test" duration-ms="2117" started-at="2019-02-11T15:37:46Z" finished-at="2019-02-11T15:37:48Z">
      <class name="executionEngine.DriverScript">
        <test-method status="PASS" signature="mains()[pri:0, instance:executionEngine.DriverScript@73846619]" name="mains" duration-ms="2090" started-at="2019-02-11T09:37:46Z" finished-at="2019-02-11T09:37:48Z">
          <reporter-output>
          </reporter-output>
        </test-method> <!-- mains -->
      </class> <!-- executionEngine.DriverScript -->
    </test> <!-- Default test -->
  </suite> <!-- Default suite -->
</testng-results>
